2023/02/05 23:27:54 [info] sigaction(SIGCHLD)成功 
2023/02/05 23:27:54 [info] worker进程pid = 6789取消信号屏蔽成功 
2023/02/05 23:27:54 [info] 工作进程pid = 6789创建成功,等待工作 
2023/02/05 23:27:54 [info] 工作进程pid = 6789初始化工作完成 
2023/02/05 23:27:54 [info] worker进程pid = 6790取消信号屏蔽成功 
2023/02/05 23:27:54 [info] 工作进程pid = 6790创建成功,等待工作 
2023/02/05 23:27:54 [info] 工作进程pid = 6790初始化工作完成 
2023/02/05 23:27:54 [info] 主进程pid = 6788开始工作 
2023/02/05 23:27:54 [info] worker进程pid = 6808取消信号屏蔽成功 
2023/02/05 23:27:54 [info] 工作进程pid = 6808创建成功,等待工作 
2023/02/05 23:27:54 [info] worker进程pid = 6807取消信号屏蔽成功 
2023/02/05 23:27:54 [info] 工作进程pid = 6807创建成功,等待工作 
2023/02/05 23:27:54 [info] 工作进程pid = 6808初始化工作完成 
2023/02/05 23:27:54 [info] 工作进程pid = 6807初始化工作完成 
2023/02/06 09:41:52 [info] sigaction(SIGCHLD)成功 
2023/02/06 09:42:17 [info] sigaction(SIGCHLD)成功 
2023/02/06 09:42:17 [info] worker进程pid = 3341取消信号屏蔽成功 
2023/02/06 09:42:17 [info] 主进程pid = 3340开始工作 
2023/02/06 09:42:17 [info] 工作进程pid = 3341创建成功,等待工作 
2023/02/06 09:42:17 [info] worker进程pid = 3342取消信号屏蔽成功 
2023/02/06 09:42:17 [info] 工作进程pid = 3342创建成功,等待工作 
2023/02/06 09:42:17 [info] worker进程pid = 3344取消信号屏蔽成功 
2023/02/06 09:42:17 [info] 工作进程pid = 3344创建成功,等待工作 
2023/02/06 09:42:17 [info] 工作进程pid = 3341初始化工作完成 
2023/02/06 09:42:17 [info] 工作进程pid = 3342初始化工作完成 
2023/02/06 09:42:17 [info] worker进程pid = 3343取消信号屏蔽成功 
2023/02/06 09:42:17 [info] 工作进程pid = 3343创建成功,等待工作 
2023/02/06 09:42:17 [info] 工作进程pid = 3343初始化工作完成 
2023/02/06 09:42:17 [info] 工作进程pid = 3344初始化工作完成 
2023/02/06 09:47:44 [info] sigaction(SIGCHLD)成功 
2023/02/06 09:47:44 [info] worker进程pid = 3558取消信号屏蔽成功 
2023/02/06 09:47:44 [info] 主进程pid = 3556开始工作 
2023/02/06 09:47:44 [info] worker进程pid = 3560取消信号屏蔽成功 
2023/02/06 09:47:44 [info] 工作进程pid = 3558创建成功,等待工作 
2023/02/06 09:47:44 [info] 工作进程pid = 3560创建成功,等待工作 
2023/02/06 09:47:44 [info] worker进程pid = 3557取消信号屏蔽成功 
2023/02/06 09:47:44 [info] 工作进程pid = 3557创建成功,等待工作 
2023/02/06 09:47:44 [info] worker进程pid = 3559取消信号屏蔽成功 
2023/02/06 09:47:44 [info] 工作进程pid = 3559创建成功,等待工作 
2023/02/06 09:47:44 [info] 工作进程pid = 3560初始化工作完成 
2023/02/06 09:47:44 [info] 工作进程pid = 3558初始化工作完成 
2023/02/06 09:47:44 [info] 工作进程pid = 3557初始化工作完成 
2023/02/06 09:47:44 [info] 工作进程pid = 3559初始化工作完成 
